<?xml version="1.0" encoding="UTF-8"?>
<!-- Generated by org.testng.reporters.JUnitReportReporter -->
<testsuite hostname="DESKTOP-F52NN2U" failures="0" tests="2" name="com.qa.test.GetAPITest" time="1.118" errors="0" timestamp="13 Jun 2020 21:01:26 GMT" skipped="0">
  <testcase classname="com.qa.test.GetAPITest" name="getAPITestwithoutHeaders" time="0.926"/>
  <testcase classname="com.qa.test.GetAPITest" name="getAPITestwithHeaders" time="0.192"/>
</testsuite> <!-- com.qa.test.GetAPITest -->
