<?xml version="1.0" encoding="UTF-8"?>
<!-- Generated by org.testng.reporters.JUnitReportReporter -->
<testsuite hostname="DESKTOP-F52NN2U" failures="0" tests="1" name="com.qa.test.PostAPITest" time="1.590" errors="0" timestamp="15 Jun 2020 18:36:48 GMT" skipped="0">
  <testcase classname="com.qa.test.PostAPITest" name="postAPITest" time="1.590"/>
</testsuite> <!-- com.qa.test.PostAPITest -->
