<?xml version="1.0" encoding="UTF-8"?>
<!-- Generated by org.testng.reporters.JUnitReportReporter -->
<testsuite hostname="DESKTOP-F52NN2U" failures="0" tests="1" name="com.qa.test.PutAPITest" time="2.032" errors="0" timestamp="17 Jun 2020 17:12:49 GMT" skipped="0">
  <testcase classname="com.qa.test.PutAPITest" name="putAPITest" time="2.032"/>
</testsuite> <!-- com.qa.test.PutAPITest -->
