<?xml version="1.0" encoding="UTF-8"?>
<!-- Generated by org.testng.reporters.JUnitReportReporter -->
<testsuite hostname="DESKTOP-F52NN2U" failures="0" tests="1" name="com.qa.test.DeleteAPITest" time="1.907" errors="0" timestamp="18 Jun 2020 16:05:38 GMT" skipped="0">
  <testcase classname="com.qa.test.DeleteAPITest" name="deleteAPITestwithHeaders" time="1.907"/>
</testsuite> <!-- com.qa.test.DeleteAPITest -->
